<?xml version="1.0" encoding="UTF-8"?>
<testsuite name="com.masteringselenium.BasicTestWD" time="82.051" tests="10" errors="0" skipped="0" failures="0">
  <properties>
    <property name="java.runtime.name" value="Java(TM) SE Runtime Environment"/>
    <property name="sun.boot.library.path" value="C:\Program Files\Java\jdk1.8.0_144\jre\bin"/>
    <property name="java.vm.version" value="25.144-b01"/>
    <property name="java.vm.vendor" value="Oracle Corporation"/>
    <property name="maven.multiModuleProjectDirectory" value="C:\Users\yashadatta.deo\Downloads\Mastering Selenium WebDriver_code\Mastering Selenium WebDriver_code\Chapter 1\Part 1"/>
    <property name="java.vendor.url" value="http://java.oracle.com/"/>
    <property name="path.separator" value=";"/>
    <property name="guice.disable.misplaced.annotation.check" value="true"/>
    <property name="java.vm.name" value="Java HotSpot(TM) 64-Bit Server VM"/>
    <property name="threads" value="3"/>
    <property name="file.encoding.pkg" value="sun.io"/>
    <property name="user.script" value=""/>
    <property name="user.country" value="GB"/>
    <property name="sun.java.launcher" value="SUN_STANDARD"/>
    <property name="sun.os.patch.level" value="Service Pack 1"/>
    <property name="java.vm.specification.name" value="Java Virtual Machine Specification"/>
    <property name="user.dir" value="C:\Users\yashadatta.deo\Downloads\Mastering Selenium WebDriver_code\Mastering Selenium WebDriver_code\Chapter 1\Part 1"/>
    <property name="java.runtime.version" value="1.8.0_144-b01"/>
    <property name="java.awt.graphicsenv" value="sun.awt.Win32GraphicsEnvironment"/>
    <property name="java.endorsed.dirs" value="C:\Program Files\Java\jdk1.8.0_144\jre\lib\endorsed"/>
    <property name="os.arch" value="amd64"/>
    <property name="java.io.tmpdir" value="C:\Users\YASHAD~1.DEO\AppData\Local\Temp\"/>
    <property name="line.separator" value="&#10;"/>
    <property name="java.vm.specification.vendor" value="Oracle Corporation"/>
    <property name="user.variant" value=""/>
    <property name="os.name" value="Windows 7"/>
    <property name="classworlds.conf" value="C:\apache-maven-3.5.3-bin\apache-maven-3.5.3\bin\..\bin\m2.conf"/>
    <property name="sun.jnu.encoding" value="Cp1252"/>
    <property name="java.library.path" value="C:\Program Files\Java\jdk1.8.0_144\bin;C:\Windows\Sun\Java\bin;C:\Windows\system32;C:\Windows;C:\ProgramData\Oracle\Java\javapath;C:\Program Files\Broadcom\Broadcom 802.11;C:\Windows\system32;C:\Windows;C:\Windows\System32\Wbem;C:\Windows\System32\WindowsPowerShell\v1.0\;C:\Program Files\WIDCOMM\Bluetooth Software\;C:\Program Files\WIDCOMM\Bluetooth Software\syswow64;C:\Program Files\OpenVPN\config\bin;C:\Program Files (x86)\Skype\Phone\;C:\Program Files\Java\jdk1.8.0_144\bin;C:\Program Files\TortoiseHg\;C:\Program Files\OpenVPN\bin;C:\Program Files\TortoiseSVN\bin;C:\Program Files\Git\cmd;C:\apache-maven-3.5.3-bin\apache-maven-3.5.3\bin;%M2_HOME%\bin;C:\Program Files\cURL\bin;."/>
    <property name="maven.conf" value="C:\apache-maven-3.5.3-bin\apache-maven-3.5.3\bin\../conf"/>
    <property name="java.specification.name" value="Java Platform API Specification"/>
    <property name="java.class.version" value="52.0"/>
    <property name="sun.management.compiler" value="HotSpot 64-Bit Tiered Compilers"/>
    <property name="os.version" value="6.1"/>
    <property name="library.jansi.path" value="C:\apache-maven-3.5.3-bin\apache-maven-3.5.3\bin\..\lib\jansi-native"/>
    <property name="user.home" value="C:\Users\yashadatta.deo"/>
    <property name="user.timezone" value="Europe/London"/>
    <property name="java.awt.printerjob" value="sun.awt.windows.WPrinterJob"/>
    <property name="java.specification.version" value="1.8"/>
    <property name="file.encoding" value="Cp1252"/>
    <property name="user.name" value="yashadatta.deo"/>
    <property name="java.class.path" value="C:\apache-maven-3.5.3-bin\apache-maven-3.5.3\bin\..\boot\plexus-classworlds-2.5.2.jar"/>
    <property name="java.vm.specification.version" value="1.8"/>
    <property name="sun.arch.data.model" value="64"/>
    <property name="java.home" value="C:\Program Files\Java\jdk1.8.0_144\jre"/>
    <property name="sun.java.command" value="org.codehaus.plexus.classworlds.launcher.Launcher clean install -Dthreads=3"/>
    <property name="java.specification.vendor" value="Oracle Corporation"/>
    <property name="user.language" value="en"/>
    <property name="awt.toolkit" value="sun.awt.windows.WToolkit"/>
    <property name="java.vm.info" value="mixed mode"/>
    <property name="java.version" value="1.8.0_144"/>
    <property name="java.ext.dirs" value="C:\Program Files\Java\jdk1.8.0_144\jre\lib\ext;C:\Windows\Sun\Java\lib\ext"/>
    <property name="sun.boot.class.path" value="C:\Program Files\Java\jdk1.8.0_144\jre\lib\resources.jar;C:\Program Files\Java\jdk1.8.0_144\jre\lib\rt.jar;C:\Program Files\Java\jdk1.8.0_144\jre\lib\sunrsasign.jar;C:\Program Files\Java\jdk1.8.0_144\jre\lib\jsse.jar;C:\Program Files\Java\jdk1.8.0_144\jre\lib\jce.jar;C:\Program Files\Java\jdk1.8.0_144\jre\lib\charsets.jar;C:\Program Files\Java\jdk1.8.0_144\jre\lib\jfr.jar;C:\Program Files\Java\jdk1.8.0_144\jre\classes"/>
    <property name="sun.stderr.encoding" value="cp850"/>
    <property name="java.vendor" value="Oracle Corporation"/>
    <property name="maven.home" value="C:\apache-maven-3.5.3-bin\apache-maven-3.5.3\bin\.."/>
    <property name="file.separator" value="\"/>
    <property name="java.vendor.url.bug" value="http://bugreport.sun.com/bugreport/"/>
    <property name="sun.cpu.endian" value="little"/>
    <property name="sun.io.unicode.encoding" value="UnicodeLittle"/>
    <property name="sun.stdout.encoding" value="cp850"/>
    <property name="sun.desktop" value="windows"/>
    <property name="sun.cpu.isalist" value="amd64"/>
  </properties>
  <testcase name="googleCheeseExample111" classname="com.masteringselenium.BasicTestWD" time="22.963"/>
  <testcase name="googleCheeseExample11" classname="com.masteringselenium.BasicTestWD" time="23.331"/>
  <testcase name="googleCheeseExample" classname="com.masteringselenium.BasicTestWD" time="24.806"/>
  <testcase name="googleCheeseExample111141111" classname="com.masteringselenium.BasicTestWD" time="1.181"/>
  <testcase name="googleCheeseExample111161" classname="com.masteringselenium.BasicTestWD" time="1.775"/>
  <testcase name="googleMilkExample1" classname="com.masteringselenium.BasicTestWD" time="2.836"/>
  <testcase name="googleMilkExample1111" classname="com.masteringselenium.BasicTestWD" time="1.131"/>
  <testcase name="googleMilkExample1111151111" classname="com.masteringselenium.BasicTestWD" time="1.62"/>
  <testcase name="googleMilkExample11131111" classname="com.masteringselenium.BasicTestWD" time="0.745"/>
  <testcase name="googleMilkExample2111" classname="com.masteringselenium.BasicTestWD" time="1.663"/>
</testsuite>