<?xml version="1.0" encoding="UTF-8"?>
<!-- Generated by org.testng.reporters.JUnitReportReporter -->
<testsuite hostname="marpesia" name="com.masteringselenium.BasicTestWD" tests="10" failures="0" timestamp="13 May 2018 02:15:18 GMT" time="118.854" errors="0">
  <testcase name="googleCheeseExample111141111" time="6.060" classname="com.masteringselenium.BasicTestWD"/>
  <testcase name="googleMilkExample1" time="7.049" classname="com.masteringselenium.BasicTestWD"/>
  <testcase name="googleCheeseExample11" time="26.172" classname="com.masteringselenium.BasicTestWD"/>
  <testcase name="googleMilkExample1111" time="4.711" classname="com.masteringselenium.BasicTestWD"/>
  <testcase name="googleMilkExample2111" time="4.929" classname="com.masteringselenium.BasicTestWD"/>
  <testcase name="googleMilkExample11131111" time="4.644" classname="com.masteringselenium.BasicTestWD"/>
  <testcase name="googleCheeseExample111" time="27.345" classname="com.masteringselenium.BasicTestWD"/>
  <testcase name="googleCheeseExample" time="27.368" classname="com.masteringselenium.BasicTestWD"/>
  <testcase name="googleCheeseExample111161" time="5.469" classname="com.masteringselenium.BasicTestWD"/>
  <testcase name="googleMilkExample1111151111" time="5.107" classname="com.masteringselenium.BasicTestWD"/>
</testsuite> <!-- com.masteringselenium.BasicTestWD -->
